  Player.cpp
C:\Users\Shifuro\source\repos\SFML_game01\SFML_game01\Player.cpp(8,13): warning C4305: 'initializing': truncation from 'double' to 'float'
C:\Users\Shifuro\source\repos\SFML_game01\SFML_game01\Player.cpp(17,15): warning C4244: '-=': conversion from 'float' to 'T', possible loss of data
C:\Users\Shifuro\source\repos\SFML_game01\SFML_game01\Player.cpp(17,15): warning C4244:         with
C:\Users\Shifuro\source\repos\SFML_game01\SFML_game01\Player.cpp(17,15): warning C4244:         [
C:\Users\Shifuro\source\repos\SFML_game01\SFML_game01\Player.cpp(17,15): warning C4244:             T=int
C:\Users\Shifuro\source\repos\SFML_game01\SFML_game01\Player.cpp(17,15): warning C4244:         ]
C:\Users\Shifuro\source\repos\SFML_game01\SFML_game01\Player.cpp(20,15): warning C4244: '+=': conversion from 'float' to 'T', possible loss of data
C:\Users\Shifuro\source\repos\SFML_game01\SFML_game01\Player.cpp(20,15): warning C4244:         with
C:\Users\Shifuro\source\repos\SFML_game01\SFML_game01\Player.cpp(20,15): warning C4244:         [
C:\Users\Shifuro\source\repos\SFML_game01\SFML_game01\Player.cpp(20,15): warning C4244:             T=int
C:\Users\Shifuro\source\repos\SFML_game01\SFML_game01\Player.cpp(20,15): warning C4244:         ]
C:\Users\Shifuro\source\repos\SFML_game01\SFML_game01\Player.cpp(23,15): warning C4244: '-=': conversion from 'float' to 'T', possible loss of data
C:\Users\Shifuro\source\repos\SFML_game01\SFML_game01\Player.cpp(23,15): warning C4244:         with
C:\Users\Shifuro\source\repos\SFML_game01\SFML_game01\Player.cpp(23,15): warning C4244:         [
C:\Users\Shifuro\source\repos\SFML_game01\SFML_game01\Player.cpp(23,15): warning C4244:             T=int
C:\Users\Shifuro\source\repos\SFML_game01\SFML_game01\Player.cpp(23,15): warning C4244:         ]
C:\Users\Shifuro\source\repos\SFML_game01\SFML_game01\Player.cpp(26,15): warning C4244: '+=': conversion from 'float' to 'T', possible loss of data
C:\Users\Shifuro\source\repos\SFML_game01\SFML_game01\Player.cpp(26,15): warning C4244:         with
C:\Users\Shifuro\source\repos\SFML_game01\SFML_game01\Player.cpp(26,15): warning C4244:         [
C:\Users\Shifuro\source\repos\SFML_game01\SFML_game01\Player.cpp(26,15): warning C4244:             T=int
C:\Users\Shifuro\source\repos\SFML_game01\SFML_game01\Player.cpp(26,15): warning C4244:         ]
  Generating code
  1 of 105 functions ( 1.0%) were compiled, the rest were copied from previous compilation.
    0 functions were new in current compilation
    1 functions had inline decision re-evaluated but remain unchanged
  Finished generating code
  SFML_game01.vcxproj -> C:\Users\Shifuro\source\repos\SFML_game01\x64\Release\SFML_game01.exe
